<?xml version="1.0" encoding="UTF-8"?>
<!-- Generated by org.testng.reporters.JUnitReportReporter -->
<testsuite skipped="0" hostname="GGN-MAC-9000" name="Tests.GraphQL" tests="2" failures="0" timestamp="2023-08-01T11:39:25 IST" time="6.430" errors="0">
  <testcase name="BaseUrlTest" time="4.603" classname="Tests.GraphQL"/>
  <system-out>
    <![CDATA[Verified Successfully !!]]>
  </system-out>
  <testcase name="BaseUrlTest" time="1.827" classname="Tests.GraphQL"/>
  <system-out>
    <![CDATA[Verified Successfully !!]]>
  </system-out>
</testsuite> <!-- Tests.GraphQL -->
